#
# A fatal error has been detected by the Java Runtime Environment:
#
#  EXCEPTION_ACCESS_VIOLATION (0xc0000005) at pc=0x00000000657e7aa8, pid=1324, tid=0x0000000000003e64
#
# JRE version: Java(TM) SE Runtime Environment (8.0_181-b13) (build 1.8.0_181-b13)
# Java VM: Java HotSpot(TM) 64-Bit Server VM (25.181-b13 mixed mode windows-amd64 compressed oops)
# Problematic frame:
# V  [jvm.dll+0xf7aa8]
#
# Failed to write core dump. Minidumps are not enabled by default on client versions of Windows
#
# If you would like to submit a bug report, please visit:
#   http://bugreport.java.com/bugreport/crash.jsp
#

---------------  T H R E A D  ---------------

Current thread (0x000000001cc87000):  VMThread [stack: 0x000000001dd10000,0x000000001de10000] [id=15972]

siginfo: ExceptionCode=0xc0000005, reading address 0x00000000261c7460

Registers:
RAX=0x00000000001fffe0, RBX=0x000000000000ffff, RCX=0x00000000256c70f0, RDX=0x0000000025fc7470
RSP=0x000000001de0f6f0, RBP=0x000000001de0f820, RSI=0x000000000000ffff, RDI=0x00000000256c70f0
R8 =0x00000000033d4670, R9 =0x0000000000000003, R10=0x0000000000000003, R11=0x00000000256c89b9
R12=0x000000001de0f8b0, R13=0x000000001de0f8a0, R14=0x0000000000000000, R15=0x0000000000000000
RIP=0x00000000657e7aa8, EFLAGS=0x0000000000010202

Top of Stack: (sp=0x000000001de0f6f0)
0x000000001de0f6f0:   00000000000000b7 000000001de0f820
0x000000001de0f700:   00000000000000b7 000000001de0f8c0
0x000000001de0f710:   0000000000000000 00000000658c4fe0
0x000000001de0f720:   00000000000000b7 00000000000000b7
0x000000001de0f730:   0000000000000000 000000001f255680
0x000000001de0f740:   0000000004210268 0000000004210176
0x000000001de0f750:   00000000042101b0 00000000659f068e
0x000000001de0f760:   0000000004210267 00007ff90000000a
0x000000001de0f770:   000000001de0f768 00007ff9c7010000
0x000000001de0f780:   00000000042101c0 000000006578198d
0x000000001de0f790:   0000349f8042e799 00000000042101c0
0x000000001de0f7a0:   0000000000020338 000000001f259b30
0x000000001de0f7b0:   00000000036a61a0 00000000657820b4
0x000000001de0f7c0:   000000001cc86750 000000006578fbce
0x000000001de0f7d0:   000000001f25d668 0000000000000218
0x000000001de0f7e0:   000000001f255680 000000006578fd8b 

Instructions: (pc=0x00000000657e7aa8)
0x00000000657e7a88:   00 ba d9 01 00 00 e8 2d f9 17 00 e8 08 06 1a 00
0x00000000657e7a98:   48 8b 57 10 48 85 d2 74 0f 48 8b c3 48 c1 e0 05
0x00000000657e7aa8:   48 8b 44 10 10 0f b7 d8 48 63 c3 0f b7 44 c7 50
0x00000000657e7ab8:   48 8b 44 c7 50 48 89 44 24 30 f6 d0 48 8b 4c 24 


Register to memory mapping:

RAX=0x00000000001fffe0 is an unknown value
RBX=0x000000000000ffff is an unknown value
RCX=0x00000000256c70f0 is pointing into metadata
RDX=0x0000000025fc7470 is pointing into metadata
RSP=0x000000001de0f6f0 is an unknown value
RBP=0x000000001de0f820 is an unknown value
RSI=0x000000000000ffff is an unknown value
RDI=0x00000000256c70f0 is pointing into metadata
R8 =0x00000000033d4670 is an unknown value
R9 =0x0000000000000003 is an unknown value
R10=0x0000000000000003 is an unknown value
R11=0x00000000256c89b9 is pointing into metadata
R12=0x000000001de0f8b0 is an unknown value
R13=0x000000001de0f8a0 is an unknown value
R14=0x0000000000000000 is an unknown value
R15=0x0000000000000000 is an unknown value


Stack: [0x000000001dd10000,0x000000001de10000],  sp=0x000000001de0f6f0,  free space=1021k
Native frames: (J=compiled Java code, j=interpreted, Vv=VM code, C=native code)
V  [jvm.dll+0xf7aa8]
V  [jvm.dll+0x1d4fe0]
V  [jvm.dll+0x1d5f32]
V  [jvm.dll+0x1c38f4]
V  [jvm.dll+0x1c8a87]
V  [jvm.dll+0x1c8ffb]
V  [jvm.dll+0x24cc27]
V  [jvm.dll+0x24bec6]
V  [jvm.dll+0x24c361]
V  [jvm.dll+0x24c57e]
V  [jvm.dll+0x29e64a]
C  [msvcr100.dll+0x21d9f]
C  [msvcr100.dll+0x21e3b]
C  [KERNEL32.DLL+0x17bd4]
C  [ntdll.dll+0x6ce51]

VM_Operation (0x000000001e70f250): RedefineClasses, mode: safepoint, requested by thread 0x000000001e028800, redefining class com.example.temp.manager.controller.ManagerController



---------------  P R O C E S S  ---------------

Java Threads: ( => current thread )
  0x0000000022e14000 JavaThread "HikariPool-1 housekeeper" daemon [_thread_blocked, id=17300, stack(0x0000000025590000,0x0000000025690000)]
  0x0000000022e0c800 JavaThread "mssql-jdbc-shared-timer-core-0" daemon [_thread_blocked, id=26152, stack(0x0000000025190000,0x0000000025290000)]
  0x0000000022e10000 JavaThread "RMI TCP Connection(idle)" daemon [_thread_blocked, id=9300, stack(0x0000000025290000,0x0000000025390000)]
  0x0000000022e0f800 JavaThread "RMI TCP Connection(idle)" daemon [_thread_blocked, id=23372, stack(0x0000000025090000,0x0000000025190000)]
  0x0000000022e11800 JavaThread "RMI TCP Connection(idle)" daemon [_thread_blocked, id=25916, stack(0x0000000024f90000,0x0000000025090000)]
  0x0000000022e0d000 JavaThread "RMI TCP Connection(idle)" daemon [_thread_blocked, id=19480, stack(0x0000000020cc0000,0x0000000020dc0000)]
  0x0000000022e13000 JavaThread "RMI TCP Connection(idle)" daemon [_thread_blocked, id=6376, stack(0x0000000020bc0000,0x0000000020cc0000)]
  0x0000000022e12800 JavaThread "DestroyJavaVM" [_thread_blocked, id=21976, stack(0x0000000003240000,0x0000000003340000)]
  0x0000000020b55000 JavaThread "http-nio-8080-Acceptor" daemon [_thread_in_native, id=18576, stack(0x0000000024d90000,0x0000000024e90000)]
  0x0000000020b5a800 JavaThread "http-nio-8080-ClientPoller" daemon [_thread_in_native, id=25740, stack(0x0000000024c90000,0x0000000024d90000)]
  0x0000000020b59000 JavaThread "http-nio-8080-exec-10" daemon [_thread_blocked, id=5096, stack(0x0000000024b90000,0x0000000024c90000)]
  0x0000000020b58000 JavaThread "http-nio-8080-exec-9" daemon [_thread_blocked, id=18748, stack(0x0000000024a90000,0x0000000024b90000)]
  0x0000000020b54800 JavaThread "http-nio-8080-exec-8" daemon [_thread_blocked, id=10800, stack(0x0000000024990000,0x0000000024a90000)]
  0x0000000020b56000 JavaThread "http-nio-8080-exec-7" daemon [_thread_blocked, id=26128, stack(0x0000000024890000,0x0000000024990000)]
  0x0000000020b59800 JavaThread "http-nio-8080-exec-6" daemon [_thread_blocked, id=16688, stack(0x0000000024790000,0x0000000024890000)]
  0x0000000020b56800 JavaThread "http-nio-8080-exec-5" daemon [_thread_blocked, id=21644, stack(0x0000000024690000,0x0000000024790000)]
  0x0000000020b57800 JavaThread "http-nio-8080-exec-4" daemon [_thread_blocked, id=26016, stack(0x0000000024590000,0x0000000024690000)]
  0x0000000020b5b000 JavaThread "http-nio-8080-exec-3" daemon [_thread_blocked, id=11208, stack(0x0000000024490000,0x0000000024590000)]
  0x000000001ef0e800 JavaThread "http-nio-8080-exec-2" daemon [_thread_blocked, id=25992, stack(0x0000000024390000,0x0000000024490000)]
  0x000000001ef0e000 JavaThread "http-nio-8080-exec-1" daemon [_thread_blocked, id=23772, stack(0x0000000024290000,0x0000000024390000)]
  0x000000001ef0f800 JavaThread "http-nio-8080-BlockPoller" daemon [_thread_in_native, id=22608, stack(0x0000000023e90000,0x0000000023f90000)]
  0x000000001ef11800 JavaThread "Live Reload Server" daemon [_thread_in_native, id=22272, stack(0x0000000023f90000,0x0000000024090000)]
  0x000000001ef10000 JavaThread "File Watcher" daemon [_thread_blocked, id=23088, stack(0x0000000023d90000,0x0000000023e90000)]
  0x000000001ef14000 JavaThread "container-0" [_thread_blocked, id=23872, stack(0x00000000228c0000,0x00000000229c0000)]
  0x000000001ef11000 JavaThread "Catalina-utility-2" [_thread_blocked, id=21744, stack(0x00000000227c0000,0x00000000228c0000)]
  0x000000001ef12800 JavaThread "Catalina-utility-1" [_thread_blocked, id=22096, stack(0x00000000210c0000,0x00000000211c0000)]
  0x000000001ef13000 JavaThread "JMX server connection timeout 26" daemon [_thread_blocked, id=19852, stack(0x00000000216c0000,0x00000000217c0000)]
  0x000000001fd3b800 JavaThread "RMI TCP Connection(idle)" daemon [_thread_blocked, id=19484, stack(0x00000000215c0000,0x00000000216c0000)]
  0x000000001fd27000 JavaThread "RMI TCP Connection(idle)" daemon [_thread_blocked, id=25912, stack(0x00000000213c0000,0x00000000214c0000)]
  0x000000001fcd6800 JavaThread "RMI Scheduler(0)" daemon [_thread_blocked, id=23708, stack(0x00000000211c0000,0x00000000212c0000)]
  0x000000001fc9a000 JavaThread "RMI TCP Connection(9)-127.0.0.1" daemon [_thread_in_native, id=20412, stack(0x0000000020fc0000,0x00000000210c0000)]
  0x000000001ef97000 JavaThread "RMI TCP Accept-0" daemon [_thread_in_native, id=26460, stack(0x000000001f710000,0x000000001f810000)]
  0x000000001ef6c800 JavaThread "RMI TCP Accept-52679" daemon [_thread_in_native, id=14824, stack(0x000000001f610000,0x000000001f710000)]
  0x000000001ef1b800 JavaThread "RMI TCP Accept-0" daemon [_thread_in_native, id=16356, stack(0x000000001f510000,0x000000001f610000)]
  0x000000001e3b2800 JavaThread "Service Thread" daemon [_thread_blocked, id=12868, stack(0x000000001ec10000,0x000000001ed10000)]
  0x000000001e324800 JavaThread "C1 CompilerThread2" daemon [_thread_blocked, id=22740, stack(0x000000001eb10000,0x000000001ec10000)]
  0x000000001e323000 JavaThread "C2 CompilerThread1" daemon [_thread_blocked, id=10824, stack(0x000000001ea10000,0x000000001eb10000)]
  0x000000001e312800 JavaThread "C2 CompilerThread0" daemon [_thread_blocked, id=26488, stack(0x000000001e910000,0x000000001ea10000)]
  0x000000001e03a000 JavaThread "JDWP Command Reader" daemon [_thread_in_native, id=19312, stack(0x000000001e810000,0x000000001e910000)]
  0x000000001e02e000 JavaThread "JDWP Event Helper Thread" daemon [_thread_blocked, id=5736, stack(0x000000001e710000,0x000000001e810000)]
  0x000000001e028800 JavaThread "JDWP Transport Listener: dt_socket" daemon [_thread_blocked, id=10096, stack(0x000000001e610000,0x000000001e710000)]
  0x000000001ccd4000 JavaThread "Attach Listener" daemon [_thread_blocked, id=26004, stack(0x000000001e510000,0x000000001e610000)]
  0x000000001e018800 JavaThread "Signal Dispatcher" daemon [_thread_blocked, id=1928, stack(0x000000001e410000,0x000000001e510000)]
  0x000000001ccb0000 JavaThread "Finalizer" daemon [_thread_blocked, id=21952, stack(0x000000001df10000,0x000000001e010000)]
  0x00000000034a8000 JavaThread "Reference Handler" daemon [_thread_blocked, id=9512, stack(0x000000001de10000,0x000000001df10000)]

Other Threads:
=>0x000000001cc87000 VMThread [stack: 0x000000001dd10000,0x000000001de10000] [id=15972]
  0x000000001ef97800 WatcherThread [stack: 0x000000001f810000,0x000000001f910000] [id=15828]

VM state:at safepoint (normal execution)

VM Mutex/Monitor currently owned by a thread:  ([mutex/lock_event])
[0x00000000033b1450] Threads_lock - owner thread: 0x000000001cc87000

Heap:
 PSYoungGen      total 455168K, used 143972K [0x000000076af00000, 0x0000000788580000, 0x00000007c0000000)
  eden space 442368K, 29% used [0x000000076af00000,0x0000000772f1d998,0x0000000785f00000)
  from space 12800K, 99% used [0x0000000787900000,0x000000078857b8f0,0x0000000788580000)
  to   space 15872K, 0% used [0x0000000786680000,0x0000000786680000,0x0000000787600000)
 ParOldGen       total 97792K, used 17525K [0x00000006c0c00000, 0x00000006c6b80000, 0x000000076af00000)
  object space 97792K, 17% used [0x00000006c0c00000,0x00000006c1d1d790,0x00000006c6b80000)
 Metaspace       used 49636K, capacity 51892K, committed 52224K, reserved 1095680K
  class space    used 6169K, capacity 6578K, committed 6656K, reserved 1048576K

Card table byte_map: [0x0000000012a20000,0x0000000013220000] byte_map_base: 0x000000000f41a000

Marking Bits: (ParMarkBitMap*) 0x0000000065f12d00
 Begin Bits: [0x0000000013b80000, 0x0000000017b50000)
 End Bits:   [0x0000000017b50000, 0x000000001bb20000)

Polling page: 0x0000000001070000

CodeCache: size=245760Kb used=11961Kb max_used=11961Kb free=233798Kb
 bounds [0x0000000003660000, 0x0000000004220000, 0x0000000012660000]
 total_blobs=6056 nmethods=5498 adapters=477
 compilation: enabled

Compilation events (10 events):
Event: 50.576 Thread 0x000000001e324800 5546       1       java.util.concurrent.ScheduledThreadPoolExecutor$ScheduledFutureTask::compareTo (9 bytes)
Event: 50.576 Thread 0x000000001e324800 nmethod 5546 0x000000000420ed10 code [0x000000000420ee80, 0x000000000420f008]
Event: 50.576 Thread 0x000000001e324800 5547       1       java.util.concurrent.ScheduledThreadPoolExecutor$ScheduledFutureTask::compareTo (101 bytes)
Event: 50.577 Thread 0x000000001e324800 nmethod 5547 0x000000000420f090 code [0x000000000420f200, 0x000000000420f590]
Event: 52.349 Thread 0x000000001e324800 5548       1       org.apache.tomcat.util.net.NioEndpoint$NioSocketWrapper::getLastRead (5 bytes)
Event: 52.349 Thread 0x000000001e324800 nmethod 5548 0x000000000420f750 code [0x000000000420f8a0, 0x000000000420f9b0]
Event: 52.349 Thread 0x000000001e324800 5549       1       org.apache.tomcat.util.net.SocketWrapperBase::getReadTimeout (5 bytes)
Event: 52.349 Thread 0x000000001e324800 nmethod 5549 0x000000000420fa10 code [0x000000000420fb60, 0x000000000420fc70]
Event: 52.850 Thread 0x000000001e324800 5551       1       java.util.concurrent.locks.AbstractQueuedSynchronizer$Node::predecessor (19 bytes)
Event: 52.850 Thread 0x000000001e324800 nmethod 5551 0x0000000004210050 code [0x00000000042101c0, 0x0000000004210388]

GC Heap History (10 events):
Event: 2.097 GC heap before
{Heap before GC invocations=6 (full 1):
 PSYoungGen      total 141824K, used 131072K [0x000000076af00000, 0x0000000774400000, 0x00000007c0000000)
  eden space 131072K, 100% used [0x000000076af00000,0x0000000772f00000,0x0000000772f00000)
  from space 10752K, 0% used [0x0000000773980000,0x0000000773980000,0x0000000774400000)
  to   space 10752K, 0% used [0x0000000772f00000,0x0000000772f00000,0x0000000773980000)
 ParOldGen       total 76800K, used 5453K [0x00000006c0c00000, 0x00000006c5700000, 0x000000076af00000)
  object space 76800K, 7% used [0x00000006c0c00000,0x00000006c1153708,0x00000006c5700000)
 Metaspace       used 25762K, capacity 26728K, committed 26752K, reserved 1073152K
  class space    used 3472K, capacity 3704K, committed 3712K, reserved 1048576K
Event: 2.103 GC heap after
Heap after GC invocations=6 (full 1):
 PSYoungGen      total 141824K, used 8524K [0x000000076af00000, 0x000000077b580000, 0x00000007c0000000)
  eden space 131072K, 0% used [0x000000076af00000,0x000000076af00000,0x0000000772f00000)
  from space 10752K, 79% used [0x0000000772f00000,0x00000007737533f8,0x0000000773980000)
  to   space 10240K, 0% used [0x000000077ab80000,0x000000077ab80000,0x000000077b580000)
 ParOldGen       total 76800K, used 5461K [0x00000006c0c00000, 0x00000006c5700000, 0x000000076af00000)
  object space 76800K, 7% used [0x00000006c0c00000,0x00000006c1155708,0x00000006c5700000)
 Metaspace       used 25762K, capacity 26728K, committed 26752K, reserved 1073152K
  class space    used 3472K, capacity 3704K, committed 3712K, reserved 1048576K
}
Event: 2.993 GC heap before
{Heap before GC invocations=7 (full 1):
 PSYoungGen      total 141824K, used 139596K [0x000000076af00000, 0x000000077b580000, 0x00000007c0000000)
  eden space 131072K, 100% used [0x000000076af00000,0x0000000772f00000,0x0000000772f00000)
  from space 10752K, 79% used [0x0000000772f00000,0x00000007737533f8,0x0000000773980000)
  to   space 10240K, 0% used [0x000000077ab80000,0x000000077ab80000,0x000000077b580000)
 ParOldGen       total 76800K, used 5461K [0x00000006c0c00000, 0x00000006c5700000, 0x000000076af00000)
  object space 76800K, 7% used [0x00000006c0c00000,0x00000006c1155708,0x00000006c5700000)
 Metaspace       used 32082K, capacity 33726K, committed 33920K, reserved 1079296K
  class space    used 4331K, capacity 4671K, committed 4736K, reserved 1048576K
Event: 3.003 GC heap after
Heap after GC invocations=7 (full 1):
 PSYoungGen      total 254976K, used 10214K [0x000000076af00000, 0x000000077b800000, 0x00000007c0000000)
  eden space 244736K, 0% used [0x000000076af00000,0x000000076af00000,0x0000000779e00000)
  from space 10240K, 99% used [0x000000077ab80000,0x000000077b5799d0,0x000000077b580000)
  to   space 13312K, 0% used [0x0000000779e00000,0x0000000779e00000,0x000000077ab00000)
 ParOldGen       total 76800K, used 8949K [0x00000006c0c00000, 0x00000006c5700000, 0x000000076af00000)
  object space 76800K, 11% used [0x00000006c0c00000,0x00000006c14bd7f0,0x00000006c5700000)
 Metaspace       used 32082K, capacity 33726K, committed 33920K, reserved 1079296K
  class space    used 4331K, capacity 4671K, committed 4736K, reserved 1048576K
}
Event: 3.062 GC heap before
{Heap before GC invocations=8 (full 1):
 PSYoungGen      total 254976K, used 21803K [0x000000076af00000, 0x000000077b800000, 0x00000007c0000000)
  eden space 244736K, 4% used [0x000000076af00000,0x000000076ba51350,0x0000000779e00000)
  from space 10240K, 99% used [0x000000077ab80000,0x000000077b5799d0,0x000000077b580000)
  to   space 13312K, 0% used [0x0000000779e00000,0x0000000779e00000,0x000000077ab00000)
 ParOldGen       total 76800K, used 8949K [0x00000006c0c00000, 0x00000006c5700000, 0x000000076af00000)
  object space 76800K, 11% used [0x00000006c0c00000,0x00000006c14bd7f0,0x00000006c5700000)
 Metaspace       used 33644K, capacity 35294K, committed 35456K, reserved 1079296K
  class space    used 4555K, capacity 4895K, committed 4992K, reserved 1048576K
Event: 3.068 GC heap after
Heap after GC invocations=8 (full 1):
 PSYoungGen      total 258048K, used 8062K [0x000000076af00000, 0x0000000788580000, 0x00000007c0000000)
  eden space 244736K, 0% used [0x000000076af00000,0x000000076af00000,0x0000000779e00000)
  from space 13312K, 60% used [0x0000000779e00000,0x000000077a5dfb38,0x000000077ab00000)
  to   space 12800K, 0% used [0x0000000787900000,0x0000000787900000,0x0000000788580000)
 ParOldGen       total 76800K, used 8949K [0x00000006c0c00000, 0x00000006c5700000, 0x000000076af00000)
  object space 76800K, 11% used [0x00000006c0c00000,0x00000006c14bd7f0,0x00000006c5700000)
 Metaspace       used 33644K, capacity 35294K, committed 35456K, reserved 1079296K
  class space    used 4555K, capacity 4895K, committed 4992K, reserved 1048576K
}
Event: 3.068 GC heap before
{Heap before GC invocations=9 (full 2):
 PSYoungGen      total 258048K, used 8062K [0x000000076af00000, 0x0000000788580000, 0x00000007c0000000)
  eden space 244736K, 0% used [0x000000076af00000,0x000000076af00000,0x0000000779e00000)
  from space 13312K, 60% used [0x0000000779e00000,0x000000077a5dfb38,0x000000077ab00000)
  to   space 12800K, 0% used [0x0000000787900000,0x0000000787900000,0x0000000788580000)
 ParOldGen       total 76800K, used 8949K [0x00000006c0c00000, 0x00000006c5700000, 0x000000076af00000)
  object space 76800K, 11% used [0x00000006c0c00000,0x00000006c14bd7f0,0x00000006c5700000)
 Metaspace       used 33644K, capacity 35294K, committed 35456K, reserved 1079296K
  class space    used 4555K, capacity 4895K, committed 4992K, reserved 1048576K
Event: 3.098 GC heap after
Heap after GC invocations=9 (full 2):
 PSYoungGen      total 258048K, used 0K [0x000000076af00000, 0x0000000788580000, 0x00000007c0000000)
  eden space 244736K, 0% used [0x000000076af00000,0x000000076af00000,0x0000000779e00000)
  from space 13312K, 0% used [0x0000000779e00000,0x0000000779e00000,0x000000077ab00000)
  to   space 12800K, 0% used [0x0000000787900000,0x0000000787900000,0x0000000788580000)
 ParOldGen       total 97792K, used 13287K [0x00000006c0c00000, 0x00000006c6b80000, 0x000000076af00000)
  object space 97792K, 13% used [0x00000006c0c00000,0x00000006c18f9f68,0x00000006c6b80000)
 Metaspace       used 33644K, capacity 35294K, committed 35456K, reserved 1079296K
  class space    used 4555K, capacity 4895K, committed 4992K, reserved 1048576K
}
Event: 9.111 GC heap before
{Heap before GC invocations=10 (full 2):
 PSYoungGen      total 258048K, used 244736K [0x000000076af00000, 0x0000000788580000, 0x00000007c0000000)
  eden space 244736K, 100% used [0x000000076af00000,0x0000000779e00000,0x0000000779e00000)
  from space 13312K, 0% used [0x0000000779e00000,0x0000000779e00000,0x000000077ab00000)
  to   space 12800K, 0% used [0x0000000787900000,0x0000000787900000,0x0000000788580000)
 ParOldGen       total 97792K, used 13287K [0x00000006c0c00000, 0x00000006c6b80000, 0x000000076af00000)
  object space 97792K, 13% used [0x00000006c0c00000,0x00000006c18f9f68,0x00000006c6b80000)
 Metaspace       used 45916K, capacity 48114K, committed 48256K, reserved 1091584K
  class space    used 5850K, capacity 6268K, committed 6272K, reserved 1048576K
Event: 9.122 GC heap after
Heap after GC invocations=10 (full 2):
 PSYoungGen      total 455168K, used 12782K [0x000000076af00000, 0x0000000788580000, 0x00000007c0000000)
  eden space 442368K, 0% used [0x000000076af00000,0x000000076af00000,0x0000000785f00000)
  from space 12800K, 99% used [0x0000000787900000,0x000000078857b8f0,0x0000000788580000)
  to   space 15872K, 0% used [0x0000000786680000,0x0000000786680000,0x0000000787600000)
 ParOldGen       total 97792K, used 17525K [0x00000006c0c00000, 0x00000006c6b80000, 0x000000076af00000)
  object space 97792K, 17% used [0x00000006c0c00000,0x00000006c1d1d790,0x00000006c6b80000)
 Metaspace       used 45916K, capacity 48114K, committed 48256K, reserved 1091584K
  class space    used 5850K, capacity 6268K, committed 6272K, reserved 1048576K
}

Deoptimization events (0 events):
No events

Classes redefined (0 events):
No events

Internal exceptions (10 events):
Event: 31.098 Thread 0x000000001fc9a000 Exception <a 'java/lang/ClassNotFoundException': org/springframework/context/support/LiveBeansView> (0x0000000771c4ef30) thrown at [C:\re\workspace\8-2-build-windows-amd64-cygwin\jdk8u181\11358\hotspot\src\share\vm\classfile\systemDictionary.cpp, line 210
Event: 31.098 Thread 0x000000001fc9a000 Exception <a 'java/lang/ClassNotFoundException': org/springframework/context/support/LiveBeansView> (0x0000000771c4f250) thrown at [C:\re\workspace\8-2-build-windows-amd64-cygwin\jdk8u181\11358\hotspot\src\share\vm\classfile\systemDictionary.cpp, line 210
Event: 31.098 Thread 0x000000001fc9a000 Exception <a 'java/lang/ClassNotFoundException': org/springframework/context/support/LiveBeansView> (0x0000000771c4f588) thrown at [C:\re\workspace\8-2-build-windows-amd64-cygwin\jdk8u181\11358\hotspot\src\share\vm\classfile\systemDictionary.cpp, line 210
Event: 31.098 Thread 0x000000001fc9a000 Exception <a 'java/lang/ClassNotFoundException': org/springframework/context/support/LiveBeansView> (0x0000000771c4f8b8) thrown at [C:\re\workspace\8-2-build-windows-amd64-cygwin\jdk8u181\11358\hotspot\src\share\vm\classfile\systemDictionary.cpp, line 210
Event: 31.098 Thread 0x000000001fc9a000 Exception <a 'java/lang/ClassNotFoundException': org/springframework/context/support/LiveBeansView> (0x0000000771c4fcd8) thrown at [C:\re\workspace\8-2-build-windows-amd64-cygwin\jdk8u181\11358\hotspot\src\share\vm\classfile\systemDictionary.cpp, line 210
Event: 31.098 Thread 0x000000001fc9a000 Exception <a 'java/lang/ClassNotFoundException': org/springframework/context/support/LiveBeansView> (0x0000000771c50008) thrown at [C:\re\workspace\8-2-build-windows-amd64-cygwin\jdk8u181\11358\hotspot\src\share\vm\classfile\systemDictionary.cpp, line 210
Event: 31.098 Thread 0x000000001fc9a000 Exception <a 'java/lang/ClassNotFoundException': org/springframework/context/support/LiveBeansView> (0x0000000771c50368) thrown at [C:\re\workspace\8-2-build-windows-amd64-cygwin\jdk8u181\11358\hotspot\src\share\vm\classfile\systemDictionary.cpp, line 210
Event: 31.099 Thread 0x000000001fc9a000 Exception <a 'java/lang/ClassNotFoundException': org/springframework/context/support/LiveBeansView> (0x0000000771c71000) thrown at [C:\re\workspace\8-2-build-windows-amd64-cygwin\jdk8u181\11358\hotspot\src\share\vm\classfile\systemDictionary.cpp, line 210
Event: 31.099 Thread 0x000000001fc9a000 Exception <a 'java/lang/ClassNotFoundException': org/springframework/context/support/LiveBeansView> (0x0000000771c71358) thrown at [C:\re\workspace\8-2-build-windows-amd64-cygwin\jdk8u181\11358\hotspot\src\share\vm\classfile\systemDictionary.cpp, line 210
Event: 31.099 Thread 0x000000001fc9a000 Exception <a 'java/lang/ClassNotFoundException': org/springframework/context/support/LiveBeansView> (0x0000000771c71768) thrown at [C:\re\workspace\8-2-build-windows-amd64-cygwin\jdk8u181\11358\hotspot\src\share\vm\classfile\systemDictionary.cpp, line 210

Events (10 events):
Event: 54.279 Thread 0x000000001e028800 DEOPT UNPACKING pc=0x00000000036a7890 sp=0x000000001e70d4a0 mode 1
Event: 54.279 Thread 0x000000001e028800 DEOPT PACKING pc=0x00000000038605e4 sp=0x000000001e70d7f0
Event: 54.279 Thread 0x000000001e028800 DEOPT UNPACKING pc=0x00000000036a7890 sp=0x000000001e70d668 mode 1
Event: 54.279 Thread 0x000000001e028800 DEOPT PACKING pc=0x00000000038e4adc sp=0x000000001e70da40
Event: 54.279 Thread 0x000000001e028800 DEOPT UNPACKING pc=0x00000000036a7890 sp=0x000000001e70d938 mode 1
Event: 54.279 Thread 0x000000001e028800 DEOPT PACKING pc=0x0000000003932cb4 sp=0x000000001e70dd40
Event: 54.279 Thread 0x000000001e028800 DEOPT UNPACKING pc=0x00000000036a7890 sp=0x000000001e70da60 mode 1
Event: 54.279 Thread 0x000000001e028800 DEOPT PACKING pc=0x0000000003793544 sp=0x000000001e70de00
Event: 54.279 Thread 0x000000001e028800 DEOPT UNPACKING pc=0x00000000036a7890 sp=0x000000001e70db78 mode 1
Event: 54.284 Executing VM operation: RedefineClasses


Dynamic libraries:
0x00007ff696cf0000 - 0x00007ff696d27000 	C:\Program Files\Java\jre1.8.0_181\bin\javaw.exe
0x00007ff9c7ec0000 - 0x00007ff9c80b0000 	C:\Windows\SYSTEM32\ntdll.dll
0x00007ff9c7d20000 - 0x00007ff9c7dd2000 	C:\Windows\System32\KERNEL32.DLL
0x00007ff9c5940000 - 0x00007ff9c5be4000 	C:\Windows\System32\KERNELBASE.dll
0x00007ff9c62d0000 - 0x00007ff9c6373000 	C:\Windows\System32\ADVAPI32.dll
0x00007ff9c6080000 - 0x00007ff9c611e000 	C:\Windows\System32\msvcrt.dll
0x00007ff9c6c50000 - 0x00007ff9c6ce7000 	C:\Windows\System32\sechost.dll
0x00007ff9c6600000 - 0x00007ff9c6720000 	C:\Windows\System32\RPCRT4.dll
0x00007ff9c6120000 - 0x00007ff9c62b4000 	C:\Windows\System32\USER32.dll
0x00007ff9c5f40000 - 0x00007ff9c5f61000 	C:\Windows\System32\win32u.dll
0x00007ff9c7e50000 - 0x00007ff9c7e76000 	C:\Windows\System32\GDI32.dll
0x00007ff9c5c90000 - 0x00007ff9c5e24000 	C:\Windows\System32\gdi32full.dll
0x00007ff9c58a0000 - 0x00007ff9c593e000 	C:\Windows\System32\msvcp_win.dll
0x00007ff9c4e50000 - 0x00007ff9c4f4a000 	C:\Windows\System32\ucrtbase.dll
0x00007ff9b8a50000 - 0x00007ff9b8cd4000 	C:\Windows\WinSxS\amd64_microsoft.windows.common-controls_6595b64144ccf1df_6.0.18362.836_none_e6c4b943130f18ed\COMCTL32.dll
0x00007ff9c7570000 - 0x00007ff9c78a6000 	C:\Windows\System32\combase.dll
0x00007ff9c5bf0000 - 0x00007ff9c5c70000 	C:\Windows\System32\bcryptPrimitives.dll
0x00007ff9c6ae0000 - 0x00007ff9c6b0e000 	C:\Windows\System32\IMM32.DLL
0x0000000064740000 - 0x0000000064812000 	C:\Program Files\Java\jre1.8.0_181\bin\msvcr100.dll
0x00000000656f0000 - 0x0000000065f92000 	C:\Program Files\Java\jre1.8.0_181\bin\server\jvm.dll
0x00007ff9c62c0000 - 0x00007ff9c62c8000 	C:\Windows\System32\PSAPI.DLL
0x00007ff9c2d00000 - 0x00007ff9c2d24000 	C:\Windows\SYSTEM32\WINMM.dll
0x00007ff99fb90000 - 0x00007ff99fb99000 	C:\Windows\SYSTEM32\WSOCK32.dll
0x00007ff9beef0000 - 0x00007ff9beefa000 	C:\Windows\SYSTEM32\VERSION.dll
0x00007ff9c2880000 - 0x00007ff9c28ad000 	C:\Windows\SYSTEM32\winmmbase.dll
0x00007ff9c6930000 - 0x00007ff9c699f000 	C:\Windows\System32\ws2_32.DLL
0x00007ff9c50a0000 - 0x00007ff9c50ea000 	C:\Windows\System32\cfgmgr32.dll
0x00000000656e0000 - 0x00000000656ef000 	C:\Program Files\Java\jre1.8.0_181\bin\verify.dll
0x00000000656b0000 - 0x00000000656d9000 	C:\Program Files\Java\jre1.8.0_181\bin\java.dll
0x0000000062e60000 - 0x0000000062e95000 	C:\Program Files\Java\jre1.8.0_181\bin\jdwp.dll
0x0000000062e50000 - 0x0000000062e58000 	C:\Program Files\Java\jre1.8.0_181\bin\npt.dll
0x0000000065680000 - 0x00000000656a3000 	C:\Program Files\Java\jre1.8.0_181\bin\instrument.dll
0x0000000065660000 - 0x0000000065676000 	C:\Program Files\Java\jre1.8.0_181\bin\zip.dll
0x00007ff9c6e20000 - 0x00007ff9c7504000 	C:\Windows\System32\SHELL32.dll
0x00007ff9c5f70000 - 0x00007ff9c6019000 	C:\Windows\System32\shcore.dll
0x00007ff9c5120000 - 0x00007ff9c589e000 	C:\Windows\System32\windows.storage.dll
0x00007ff9c4e00000 - 0x00007ff9c4e23000 	C:\Windows\System32\profapi.dll
0x00007ff9c4db0000 - 0x00007ff9c4dfa000 	C:\Windows\System32\powrprof.dll
0x00007ff9c4d80000 - 0x00007ff9c4d90000 	C:\Windows\System32\UMPDC.dll
0x00007ff9c7510000 - 0x00007ff9c7562000 	C:\Windows\System32\shlwapi.dll
0x00007ff9c4d90000 - 0x00007ff9c4da1000 	C:\Windows\System32\kernel.appcore.dll
0x00007ff9c5c70000 - 0x00007ff9c5c87000 	C:\Windows\System32\cryptsp.dll
0x0000000062e40000 - 0x0000000062e49000 	C:\Program Files\Java\jre1.8.0_181\bin\dt_socket.dll
0x00007ff9b7df0000 - 0x00007ff9b7e06000 	C:\Windows\system32\napinsp.dll
0x00007ff9a00b0000 - 0x00007ff9a00ca000 	C:\Windows\system32\pnrpnsp.dll
0x00007ff9c45f0000 - 0x00007ff9c4657000 	C:\Windows\System32\mswsock.dll
0x00007ff9c4340000 - 0x00007ff9c440b000 	C:\Windows\SYSTEM32\DNSAPI.dll
0x00007ff9c7e40000 - 0x00007ff9c7e48000 	C:\Windows\System32\NSI.dll
0x00007ff9c4300000 - 0x00007ff9c433a000 	C:\Windows\SYSTEM32\IPHLPAPI.DLL
0x00007ff9b65e0000 - 0x00007ff9b65ee000 	C:\Windows\System32\winrnr.dll
0x00007ff9c16d0000 - 0x00007ff9c16ec000 	C:\Windows\system32\NLAapi.dll
0x00007ff9a6440000 - 0x00007ff9a6455000 	C:\Windows\system32\wshbth.dll
0x00007ff9bf400000 - 0x00007ff9bf477000 	C:\Windows\System32\fwpuclnt.dll
0x00007ff9c50f0000 - 0x00007ff9c5116000 	C:\Windows\System32\bcrypt.dll
0x00007ff9be3c0000 - 0x00007ff9be3ca000 	C:\Windows\System32\rasadhlp.dll
0x00000000644b0000 - 0x00000000644bd000 	C:\Program Files\Java\jre1.8.0_181\bin\management.dll
0x0000000065640000 - 0x000000006565a000 	C:\Program Files\Java\jre1.8.0_181\bin\net.dll
0x0000000065620000 - 0x0000000065631000 	C:\Program Files\Java\jre1.8.0_181\bin\nio.dll
0x00007ff9c4160000 - 0x00007ff9c4193000 	C:\Windows\system32\rsaenh.dll
0x00007ff9c4c70000 - 0x00007ff9c4c95000 	C:\Windows\SYSTEM32\USERENV.dll
0x00007ff9c47c0000 - 0x00007ff9c47cc000 	C:\Windows\SYSTEM32\CRYPTBASE.dll
0x00007ff9bf690000 - 0x00007ff9bf6a6000 	C:\Windows\SYSTEM32\dhcpcsvc6.DLL
0x00007ff9bf5d0000 - 0x00007ff9bf5ec000 	C:\Windows\SYSTEM32\dhcpcsvc.DLL
0x0000000064820000 - 0x0000000064844000 	C:\Program Files\Java\jre1.8.0_181\bin\sunec.dll
0x0000000064730000 - 0x000000006473b000 	C:\Program Files\Java\jre1.8.0_181\bin\sunmscapi.dll
0x00007ff9c4f50000 - 0x00007ff9c5099000 	C:\Windows\System32\CRYPT32.dll
0x00007ff9c4e30000 - 0x00007ff9c4e42000 	C:\Windows\System32\MSASN1.dll
0x00007ff9ac660000 - 0x00007ff9ac854000 	C:\Windows\SYSTEM32\dbghelp.dll

VM Arguments:
jvm_args: -agentlib:jdwp=transport=dt_socket,suspend=y,address=localhost:52680 -Dcom.sun.management.jmxremote -Dcom.sun.management.jmxremote.port=52679 -Dcom.sun.management.jmxremote.authenticate=false -Dcom.sun.management.jmxremote.ssl=false -Djava.rmi.server.hostname=localhost -Dspring.jmx.enabled=true -Dspring.application.admin.enabled=true -Xverify:none -XX:TieredStopAtLevel=1 -Dspring.boot.project.name=tempProject -javaagent:C:\Users\operation\Downloads\sts-4.6.0.RELEASE\configuration\org.eclipse.osgi\245\0\.cp\lib\javaagent-shaded.jar -Dfile.encoding=UTF-8 
java_command: com.example.temp.TempProjectApplication --spring.output.ansi.enabled=always
java_class_path (initial): C:\Users\operation\git\outBound\tempProject\bin\main;C:\Users\operation\.gradle\caches\modules-2\files-2.1\org.projectlombok\lombok\1.18.12\48e4e5d60309ebd833bc528dcf77668eab3cd72c\lombok-1.18.12.jar;C:\Users\operation\.gradle\caches\modules-2\files-2.1\org.mybatis.spring.boot\mybatis-spring-boot-starter\1.3.2\cb6de087ae0d34b23ad0671aacdbcc433d84875f\mybatis-spring-boot-starter-1.3.2.jar;C:\Users\operation\.gradle\caches\modules-2\files-2.1\com.microsoft.sqlserver\mssql-jdbc\7.4.1.jre8\934e92cd5eac5f0edb0298f13693e49e76fdd917\mssql-jdbc-7.4.1.jre8.jar;C:\Users\operation\.gradle\caches\modules-2\files-2.1\org.apache.tomcat.embed\tomcat-embed-jasper\9.0.33\189260c4309547e958f9651eefe93e07f429bc2a\tomcat-embed-jasper-9.0.33.jar;C:\Users\operation\.gradle\caches\modules-2\files-2.1\javax.servlet\jstl\1.2\74aca283cd4f4b4f3e425f5820cda58f44409547\jstl-1.2.jar;C:\Users\operation\.gradle\caches\modules-2\files-2.1\org.bgee.log4jdbc-log4j2\log4jdbc-log4j2-jdbc4.1\1.16\ce7cd831b2e3e5d428e659a6fdae0fb6b89f3cc7\log4jdbc-log4j2-jdbc4.1-1.16.jar;C:\Users\operation\.gradle\caches\modules-2\files-2.1\org.springframework.boot\spring-boot-starter-jdbc\2.2.6.RELEASE\ca8051a3df9eb7355728f1caf22891eec97b9b92\spring-boot-starter-jdbc-2.2.6.RELEASE.jar;C:\Users\operation\.gradle\caches\modules-2\files-2.1\org.springframework.boot\spring-boot-starter-web\2.2.6.RELEASE\4f76853c40cd6c7a0214083b36cd8cfe7c5d7b48\spring-boot-starter-web-2.2.6.RELEASE.jar;C:\Users\operation\.gradle\caches\modules-2\files-2.1\org.springframework.boot\spring-boot-starter-json\2.2.6.RELEASE\2bc2b2f052c0aa659a55d29365c9da5bae0cfa74\spring-boot-starter-json-2.2.6.RELEASE.jar;C:\Users\operation\.gradle\caches\modules-2\files-2.1\org.springframework.boot\spring-boot-starter-validation\2.2.6.RELEASE\bd3ab3b7992cf594e09f3197f7934138dfe58a8d\spring-boot-starter-validation-2.2.6.RELEASE.jar;C:\Users\operation\.gradle\caches\modules-2\files-2.1\org.springframework.boot\spring-boot-starter\2.2.6.
Launcher Type: SUN_STANDARD

Environment Variables:
JAVA_HOME=C:\Program Files\Java\jdk1.8.0_181
PATH=C:/Program Files/Java/jre1.8.0_181/bin/server;C:/Program Files/Java/jre1.8.0_181/bin;C:/Program Files/Java/jre1.8.0_181/lib/amd64;C:\Program Files (x86)\Common Files\Oracle\Java\javapath;C:\Program Files (x86)\Intel\Intel(R) Management Engine Components\iCLS\;C:\Program Files\Intel\Intel(R) Management Engine Components\iCLS\;C:\Windows\system32;C:\Windows;C:\Windows\System32\Wbem;C:\Windows\System32\WindowsPowerShell\v1.0\;C:\Windows\System32\OpenSSH\;C:\Program Files (x86)\Intel\Intel(R) Management Engine Components\DAL;C:\Program Files\Intel\Intel(R) Management Engine Components\DAL;C:\Program Files (x86)\Intel\Intel(R) Management Engine Components\IPT;C:\Program Files\Intel\Intel(R) Management Engine Components\IPT;C:\Program Files\Java\jdk1.8.0_181\bin;C:\Program Files\Microsoft SQL Server\Client SDK\ODBC\170\Tools\Binn\;C:\Program Files (x86)\Microsoft SQL Server\150\Tools\Binn\;C:\Program Files\Microsoft SQL Server\150\Tools\Binn\;C:\Program Files\Microsoft SQL Server\150\DTS\Binn\;C:\Program Files (x86)\Microsoft SQL Server\150\DTS\Binn\;C:\Program Files (x86)\PuTTY\;C:\Program Files\nodejs\;C:\Users\operation\AppData\Local\Microsoft\WindowsApps;C:\Program Files\Bandizip\;C:\Users\operation\AppData\Roaming\npm;C:\Users\operation\Downloads\sts-4.6.0.RELEASE;
USERNAME=operation
OS=Windows_NT
PROCESSOR_IDENTIFIER=Intel64 Family 6 Model 158 Stepping 11, GenuineIntel



---------------  S Y S T E M  ---------------

OS: Windows 10.0 , 64 bit Build 18362 (10.0.18362.778)

CPU:total 4 (initial active 4) (4 cores per cpu, 1 threads per core) family 6 model 158 stepping 11, cmov, cx8, fxsr, mmx, sse, sse2, sse3, ssse3, sse4.1, sse4.2, popcnt, avx, avx2, aes, clmul, erms, 3dnowpref, lzcnt, tsc, tscinvbit, bmi1, bmi2, adx

Memory: 4k page, physical 16724296k(10113024k free), swap 19321216k(6850520k free)

vm_info: Java HotSpot(TM) 64-Bit Server VM (25.181-b13) for windows-amd64 JRE (1.8.0_181-b13), built on Jul  7 2018 04:01:33 by "java_re" with MS VC++ 10.0 (VS2010)

time: Mon Jun 01 17:42:41 2020
elapsed time: 54 seconds (0d 0h 0m 54s)

